<?xml version="1.0" encoding="UTF-8"?>
<testng-results ignored="0" total="1" passed="1" failed="0" skipped="0">
  <reporter-output>
  </reporter-output>
  <suite started-at="2025-02-22T23:09:52 IST" name="Suite" finished-at="2025-02-22T23:10:11 IST" duration-ms="18536">
    <groups>
    </groups>
    <test started-at="2025-02-22T23:09:52 IST" name="Test" finished-at="2025-02-22T23:10:11 IST" duration-ms="18536">
      <class name="testscripts.regression.ValidateLoginUsingDataProviderExcel">
        <test-method is-config="true" signature="fileReadSet()[pri:0, instance:testscripts.regression.ValidateLoginUsingDataProviderExcel@2a265ea9]" started-at="2025-02-22T23:09:52 IST" name="fileReadSet" finished-at="2025-02-22T23:09:52 IST" duration-ms="261" status="PASS">
          <reporter-output>
          </reporter-output>
        </test-method> <!-- fileReadSet -->
        <test-method is-config="true" signature="setUp(java.lang.reflect.Method)[pri:0, instance:testscripts.regression.ValidateLoginUsingDataProviderExcel@2a265ea9]" started-at="2025-02-22T23:09:53 IST" name="setUp" finished-at="2025-02-22T23:10:06 IST" duration-ms="12676" status="PASS">
          <params>
            <param index="0">
              <value>
                <![CDATA[public void testscripts.regression.ValidateLoginUsingDataProviderExcel.validateLoginTest(java.util.HashMap)]]>
              </value>
            </param>
          </params>
          <reporter-output>
          </reporter-output>
        </test-method> <!-- setUp -->
        <test-method signature="validateLoginTest(java.util.HashMap)[pri:0, instance:testscripts.regression.ValidateLoginUsingDataProviderExcel@2a265ea9]" started-at="2025-02-22T23:10:06 IST" name="validateLoginTest" data-provider="getTestData" finished-at="2025-02-22T23:10:07 IST" duration-ms="780" status="PASS">
          <params>
            <param index="0">
              <value>
                <![CDATA[{expected Title=Adactin.com - Search Hotel, password=tubatu304, username=anvitha7228}]]>
              </value>
            </param>
          </params>
          <reporter-output>
          </reporter-output>
        </test-method> <!-- validateLoginTest -->
        <test-method is-config="true" signature="tearDown()[pri:0, instance:testscripts.regression.ValidateLoginUsingDataProviderExcel@2a265ea9]" started-at="2025-02-22T23:10:07 IST" name="tearDown" finished-at="2025-02-22T23:10:10 IST" duration-ms="3302" status="PASS">
          <reporter-output>
          </reporter-output>
        </test-method> <!-- tearDown -->
        <test-method is-config="true" signature="flushReports()[pri:0, instance:testscripts.regression.ValidateLoginUsingDataProviderExcel@2a265ea9]" started-at="2025-02-22T23:10:10 IST" name="flushReports" finished-at="2025-02-22T23:10:11 IST" duration-ms="536" status="PASS">
          <reporter-output>
          </reporter-output>
        </test-method> <!-- flushReports -->
      </class> <!-- testscripts.regression.ValidateLoginUsingDataProviderExcel -->
    </test> <!-- Test -->
  </suite> <!-- Suite -->
</testng-results>
