<?xml version="1.0" encoding="UTF-8"?>
<testng-results ignored="0" total="1" passed="1" failed="0" skipped="0">
  <reporter-output>
  </reporter-output>
  <suite started-at="2025-02-18T21:24:18 IST" name="Default suite" finished-at="2025-02-18T21:24:38 IST" duration-ms="19593">
    <groups>
    </groups>
    <test started-at="2025-02-18T21:24:18 IST" name="Default test" finished-at="2025-02-18T21:24:38 IST" duration-ms="19593">
      <class name="testscripts.regression.ValidateLoginUsingDataProviderExcel">
        <test-method is-config="true" signature="fileReadSet()[pri:0, instance:testscripts.regression.ValidateLoginUsingDataProviderExcel@247310d0]" started-at="2025-02-18T21:24:18 IST" name="fileReadSet" finished-at="2025-02-18T21:24:18 IST" duration-ms="285" status="PASS">
          <reporter-output>
          </reporter-output>
        </test-method> <!-- fileReadSet -->
        <test-method is-config="true" signature="setUp(java.lang.reflect.Method)[pri:0, instance:testscripts.regression.ValidateLoginUsingDataProviderExcel@247310d0]" started-at="2025-02-18T21:24:19 IST" name="setUp" finished-at="2025-02-18T21:24:32 IST" duration-ms="13450" status="PASS">
          <params>
            <param index="0">
              <value>
                <![CDATA[public void testscripts.regression.ValidateLoginUsingDataProviderExcel.validateLoginTest(java.util.HashMap)]]>
              </value>
            </param>
          </params>
          <reporter-output>
          </reporter-output>
        </test-method> <!-- setUp -->
        <test-method signature="validateLoginTest(java.util.HashMap)[pri:0, instance:testscripts.regression.ValidateLoginUsingDataProviderExcel@247310d0]" started-at="2025-02-18T21:24:32 IST" name="validateLoginTest" data-provider="getTestData" finished-at="2025-02-18T21:24:34 IST" duration-ms="1467" status="PASS">
          <params>
            <param index="0">
              <value>
                <![CDATA[{expected Title=Adactin.com - Search Hotel, password=tubatu304, username=anvitha7228}]]>
              </value>
            </param>
          </params>
          <reporter-output>
          </reporter-output>
        </test-method> <!-- validateLoginTest -->
        <test-method is-config="true" signature="tearDown()[pri:0, instance:testscripts.regression.ValidateLoginUsingDataProviderExcel@247310d0]" started-at="2025-02-18T21:24:34 IST" name="tearDown" finished-at="2025-02-18T21:24:37 IST" duration-ms="3318" status="PASS">
          <reporter-output>
          </reporter-output>
        </test-method> <!-- tearDown -->
        <test-method is-config="true" signature="flushReports()[pri:0, instance:testscripts.regression.ValidateLoginUsingDataProviderExcel@247310d0]" started-at="2025-02-18T21:24:37 IST" name="flushReports" finished-at="2025-02-18T21:24:38 IST" duration-ms="381" status="PASS">
          <reporter-output>
          </reporter-output>
        </test-method> <!-- flushReports -->
      </class> <!-- testscripts.regression.ValidateLoginUsingDataProviderExcel -->
    </test> <!-- Default test -->
  </suite> <!-- Default suite -->
</testng-results>
